objc[7736]: Class JavaLaunchHelper is implemented in both /Library/Java/JavaVirtualMachines/jdk1.8.0_121.jdk/Contents/Home/bin/java (0x10031f4c0) and /Library/Java/JavaVirtualMachines/jdk1.8.0_121.jdk/Contents/Home/jre/lib/libinstrument.dylib (0x1003e74e0). One of the two will be used. Which one is undefined.
===== Loaded dataset: bbc_output.arff =====
Cluster sizes when reclustering
Cluster 0 size = 5.0
Cluster 1 size = 23.0
Cluster 2 size = 9.0
Cluster 3 size = 11.0
Cluster 4 size = 2.0
Cluster sizes when reclustering
Cluster 0 size = 7.0
Cluster 1 size = 2.0
Cluster 2 size = 19.0
Cluster 3 size = 43.0
Cluster 4 size = 29.0
Cluster sizes when reclustering
Cluster 0 size = 11.0
Cluster 1 size = 44.0
Cluster 2 size = 8.0
Cluster 3 size = 36.0
Cluster 4 size = 1.0
Cluster sizes when reclustering
Cluster 0 size = 55.0
Cluster 1 size = 8.0
Cluster 2 size = 10.0
Cluster 3 size = 2.0
Cluster 4 size = 25.0
Cluster sizes when reclustering
Cluster 0 size = 3.0
Cluster 1 size = 25.0
Cluster 2 size = 45.0
Cluster 3 size = 25.0
Cluster 4 size = 2.0
Cluster sizes when reclustering
Cluster 0 size = 9.0
Cluster 1 size = 12.0
Cluster 2 size = 43.0
Cluster 3 size = 34.0
Cluster 4 size = 2.0
Cluster sizes when reclustering
Cluster 0 size = 50.0
Cluster 1 size = 2.0
Cluster 2 size = 11.0
Cluster 3 size = 18.0
Cluster 4 size = 19.0
Cluster sizes when reclustering
Cluster 0 size = 8.0
Cluster 1 size = 73.0
Cluster 2 size = 12.0
Cluster 3 size = 5.0
Cluster 4 size = 2.0
End novelty bin size = 86
Number of global reclustring = 8
Number of sub topic reclustring = 9
